<html>
<head>
<title>TestNG:  Test</title>
<link href="../testng.css" rel="stylesheet" type="text/css" />
<link href="../my-testng.css" rel="stylesheet" type="text/css" />

<style type="text/css">
.log { display: none;} 
.stack-trace { display: none;} 
</style>
<script type="text/javascript">
<!--
function flip(e) {
  current = e.style.display;
  if (current == 'block') {
    e.style.display = 'none';
    return 0;
  }
  else {
    e.style.display = 'block';
    return 1;
  }
}

function toggleBox(szDivId, elem, msg1, msg2)
{
  var res = -1;  if (document.getElementById) {
    res = flip(document.getElementById(szDivId));
  }
  else if (document.all) {
    // this is the way old msie versions work
    res = flip(document.all[szDivId]);
  }
  if(elem) {
    if(res == 0) elem.innerHTML = msg1; else elem.innerHTML = msg2;
  }

}

function toggleAllBoxes() {
  if (document.getElementsByTagName) {
    d = document.getElementsByTagName('div');
    for (i = 0; i < d.length; i++) {
      if (d[i].className == 'log') {
        flip(d[i]);
      }
    }
  }
}

// -->
</script>

</head>
<body>
<h2 align='center'>Test</h2><table border='1' align="center">
<tr>
<td>Tests passed/Failed/Skipped:</td><td>27/1/1</td>
</tr><tr>
<td>Started on:</td><td>Wed Aug 27 00:39:55 IST 2025</td>
</tr>
<tr><td>Total time:</td><td>24 seconds (24875 ms)</td>
</tr><tr>
<td>Included groups:</td><td></td>
</tr><tr>
<td>Excluded groups:</td><td></td>
</tr>
</table><p/>
<small><i>(Hover the method name to see the test class name)</i></small><p/>
<table width='100%' border='1' class='invocation-failed'>
<tr><td colspan='4' align='center'><b>FAILED TESTS</b></td></tr>
<tr><td><b>Test method</b></td>
<td><b>Attribute(s)</b></td>
<td width="30%"><b>Exception</b></td>
<td width="10%"><b>Time (seconds)</b></td>
<td><b>Instance</b></td>
</tr>
<tr>
<td title='Test1.DependencyMethodsInTestNG.search()'><b>search</b><br>Test class: Test1.DependencyMethodsInTestNG</td>
<td><div><pre>java.lang.AssertionError
	at org.junit.Assert.fail(Assert.java:86)
	at org.junit.Assert.assertTrue(Assert.java:41)
	at org.junit.Assert.assertTrue(Assert.java:52)
	at Test1.DependencyMethodsInTestNG.search(DependencyMethodsInTestNG.java:22)
	at java.base/java.util.ArrayList.forEach(ArrayList.java:1596)
... Removed 29 stack frames</pre></div><a href='#' onClick='toggleBox("stack-trace901815188", this, "Click to show all stack frames", "Click to hide stack frames")'>Click to show all stack frames</a>
<div class='stack-trace' id='stack-trace901815188'><pre>java.lang.AssertionError
	at org.junit.Assert.fail(Assert.java:86)
	at org.junit.Assert.assertTrue(Assert.java:41)
	at org.junit.Assert.assertTrue(Assert.java:52)
	at Test1.DependencyMethodsInTestNG.search(DependencyMethodsInTestNG.java:22)
	at java.base/jdk.internal.reflect.DirectMethodHandleAccessor.invoke(DirectMethodHandleAccessor.java:103)
	at java.base/java.lang.reflect.Method.invoke(Method.java:580)
	at org.testng.internal.invokers.MethodInvocationHelper.invokeMethod(MethodInvocationHelper.java:141)
	at org.testng.internal.invokers.TestInvoker.invokeMethod(TestInvoker.java:687)
	at org.testng.internal.invokers.TestInvoker.invokeTestMethod(TestInvoker.java:230)
	at org.testng.internal.invokers.MethodRunner.runInSequence(MethodRunner.java:63)
	at org.testng.internal.invokers.TestInvoker$MethodInvocationAgent.invoke(TestInvoker.java:995)
	at org.testng.internal.invokers.TestInvoker.invokeTestMethods(TestInvoker.java:203)
	at org.testng.internal.invokers.TestMethodWorker.invokeTestMethods(TestMethodWorker.java:154)
	at org.testng.internal.invokers.TestMethodWorker.run(TestMethodWorker.java:134)
	at java.base/java.util.ArrayList.forEach(ArrayList.java:1596)
	at org.testng.TestRunner.privateRun(TestRunner.java:741)
	at org.testng.TestRunner.run(TestRunner.java:616)
	at org.testng.SuiteRunner.runTest(SuiteRunner.java:421)
	at org.testng.SuiteRunner.runSequentially(SuiteRunner.java:413)
	at org.testng.SuiteRunner.privateRun(SuiteRunner.java:373)
	at org.testng.SuiteRunner.run(SuiteRunner.java:312)
	at org.testng.SuiteRunnerWorker.runSuite(SuiteRunnerWorker.java:52)
	at org.testng.SuiteRunnerWorker.run(SuiteRunnerWorker.java:95)
	at org.testng.TestNG.runSuitesSequentially(TestNG.java:1274)
	at org.testng.TestNG.runSuitesLocally(TestNG.java:1208)
	at org.testng.TestNG.runSuites(TestNG.java:1112)
	at org.testng.TestNG.run(TestNG.java:1079)
	at org.apache.maven.surefire.testng.TestNGExecutor.run(TestNGExecutor.java:308)
	at org.apache.maven.surefire.testng.TestNGXmlTestSuite.execute(TestNGXmlTestSuite.java:71)
	at org.apache.maven.surefire.testng.TestNGProvider.invoke(TestNGProvider.java:113)
	at org.apache.maven.surefire.booter.ForkedBooter.runSuitesInProcess(ForkedBooter.java:385)
	at org.apache.maven.surefire.booter.ForkedBooter.execute(ForkedBooter.java:162)
	at org.apache.maven.surefire.booter.ForkedBooter.run(ForkedBooter.java:507)
	at org.apache.maven.surefire.booter.ForkedBooter.main(ForkedBooter.java:495)
</pre></div></td>
<td>0</td>
<td>Test1.DependencyMethodsInTestNG@702657cc</td></tr>
</table><p>
<table width='100%' border='1' class='invocation-passed'>
<tr><td colspan='4' align='center'><b>PASSED TESTS</b></td></tr>
<tr><td><b>Test method</b></td>
<td><b>Attribute(s)</b></td>
<td width="30%"><b>Exception</b></td>
<td width="10%"><b>Time (seconds)</b></td>
<td><b>Instance</b></td>
</tr>
<tr>
<td title='Test1.GroupingLoginTestNG.loginByFacebook()'><b>loginByFacebook</b><br>Test class: Test1.GroupingLoginTestNG</td>
<td></td>
<td>0</td>
<td>Test1.GroupingLoginTestNG@6a6cb05c</td></tr>
<tr>
<td title='Test1.HardAssertions.test()'><b>test</b><br>Test class: Test1.HardAssertions</td>
<td></td>
<td>0</td>
<td>Test1.HardAssertions@313ac989</td></tr>
<tr>
<td title='Test1.OrangeHRMTestNgClass.openapp()'><b>openapp</b><br>Test class: Test1.OrangeHRMTestNgClass</td>
<td></td>
<td>6</td>
<td>Test1.OrangeHRMTestNgClass@22555ebf</td></tr>
<tr>
<td title='Test1.TestNGAnnotations.Login()'><b>Login</b><br>Test class: Test1.TestNGAnnotations</td>
<td></td>
<td>0</td>
<td>Test1.TestNGAnnotations@40a4337a</td></tr>
<tr>
<td title='Test1.GroupingPaymentsTestNG.paymentInDollars()'><b>paymentInDollars</b><br>Test class: Test1.GroupingPaymentsTestNG</td>
<td></td>
<td>0</td>
<td>Test1.GroupingPaymentsTestNG@206a70ef</td></tr>
<tr>
<td title='Test1.HardVsSoftAssertions.SoftAssertions()'><b>SoftAssertions</b><br>Test class: Test1.HardVsSoftAssertions</td>
<td></td>
<td>0</td>
<td>Test1.HardVsSoftAssertions@54d9d12d</td></tr>
<tr>
<td title='Test1.DependencyMethodsInTestNG.logout()'><b>logout</b><br>Test class: Test1.DependencyMethodsInTestNG</td>
<td></td>
<td>0</td>
<td>Test1.DependencyMethodsInTestNG@702657cc</td></tr>
<tr>
<td title='Test1.GroupingPaymentsTestNG.paymentInRupees()'><b>paymentInRupees</b><br>Test class: Test1.GroupingPaymentsTestNG</td>
<td></td>
<td>0</td>
<td>Test1.GroupingPaymentsTestNG@206a70ef</td></tr>
<tr>
<td title='Test1.OrangeHRMTestNgClass.testlogo()'><b>testlogo</b><br>Test class: Test1.OrangeHRMTestNgClass</td>
<td></td>
<td>3</td>
<td>Test1.OrangeHRMTestNgClass@22555ebf</td></tr>
<tr>
<td title='Test1.OrangeHRMTestNgClass.testlogout()'><b>testlogout</b><br>Test class: Test1.OrangeHRMTestNgClass</td>
<td></td>
<td>0</td>
<td>Test1.OrangeHRMTestNgClass@22555ebf</td></tr>
<tr>
<td title='Test1.TestLoginTest.login()'><b>login</b><br>Test class: Test1.TestLoginTest</td>
<td></td>
<td>1</td>
<td>Test1.TestLoginTest@36ebc363</td></tr>
<tr>
<td title='Test1.AssertionsTestNG.testTitle()'><b>testTitle</b><br>Test class: Test1.AssertionsTestNG</td>
<td></td>
<td>0</td>
<td>Test1.AssertionsTestNG@45752059</td></tr>
<tr>
<td title='Test1.GroupingLoginTestNG.loginByTwitter()'><b>loginByTwitter</b><br>Test class: Test1.GroupingLoginTestNG</td>
<td></td>
<td>0</td>
<td>Test1.GroupingLoginTestNG@6a6cb05c</td></tr>
<tr>
<td title='Test1.AnnotationsBeforeAndAfterClass.advancesearch()'><b>advancesearch</b><br>Test class: Test1.AnnotationsBeforeAndAfterClass</td>
<td></td>
<td>0</td>
<td>Test1.AnnotationsBeforeAndAfterClass@292b08d6</td></tr>
<tr>
<td title='Test1.GroupingSignUpTestNG.SignUpByFacebook()'><b>SignUpByFacebook</b><br>Test class: Test1.GroupingSignUpTestNG</td>
<td></td>
<td>0</td>
<td>Test1.GroupingSignUpTestNG@34e9fd99</td></tr>
<tr>
<td title='Test1.OrangeHRMTestNgClass.testlogin()'><b>testlogin</b><br>Test class: Test1.OrangeHRMTestNgClass</td>
<td></td>
<td>1</td>
<td>Test1.OrangeHRMTestNgClass@22555ebf</td></tr>
<tr>
<td title='Test1.DependencyMethodsInTestNG.login()'><b>login</b><br>Test class: Test1.DependencyMethodsInTestNG</td>
<td></td>
<td>0</td>
<td>Test1.DependencyMethodsInTestNG@702657cc</td></tr>
<tr>
<td title='Test1.AnnotationBeforeAndAfterMethod.advancesearch()'><b>advancesearch</b><br>Test class: Test1.AnnotationBeforeAndAfterMethod</td>
<td></td>
<td>0</td>
<td>Test1.AnnotationBeforeAndAfterMethod@3c41ed1d</td></tr>
<tr>
<td title='Test1.TestNGAnnotations.Logout()'><b>Logout</b><br>Test class: Test1.TestNGAnnotations</td>
<td></td>
<td>0</td>
<td>Test1.TestNGAnnotations@40a4337a</td></tr>
<tr>
<td title='Test1.AnnotationsBeforeAndAfterClass.search()'><b>search</b><br>Test class: Test1.AnnotationsBeforeAndAfterClass</td>
<td></td>
<td>0</td>
<td>Test1.AnnotationsBeforeAndAfterClass@292b08d6</td></tr>
<tr>
<td title='Test1.DependencyMethodsInTestNG.openapp()'><b>openapp</b><br>Test class: Test1.DependencyMethodsInTestNG</td>
<td></td>
<td>0</td>
<td>Test1.DependencyMethodsInTestNG@702657cc</td></tr>
<tr>
<td title='Test1.AnnotationBeforeAndAfterMethod.search()'><b>search</b><br>Test class: Test1.AnnotationBeforeAndAfterMethod</td>
<td></td>
<td>0</td>
<td>Test1.AnnotationBeforeAndAfterMethod@3c41ed1d</td></tr>
<tr>
<td title='Test1.GroupingLoginTestNG.loginByEmail()'><b>loginByEmail</b><br>Test class: Test1.GroupingLoginTestNG</td>
<td></td>
<td>0</td>
<td>Test1.GroupingLoginTestNG@6a6cb05c</td></tr>
<tr>
<td title='Test1.ParametrizationDataProviderandParallelTestingTestNG.testLogin()'><b>testLogin</b><br>Test class: Test1.ParametrizationDataProviderandParallelTestingTestNG</td>
<td></td>
<td>2</td>
<td>Test1.ParametrizationDataProviderandParallelTestingTestNG@c730b35</td></tr>
<tr>
<td title='Test1.TestNGAnnotations.Openapp()'><b>Openapp</b><br>Test class: Test1.TestNGAnnotations</td>
<td></td>
<td>0</td>
<td>Test1.TestNGAnnotations@40a4337a</td></tr>
<tr>
<td title='Test1.GroupingSignUpTestNG.SignUpByTwitter()'><b>SignUpByTwitter</b><br>Test class: Test1.GroupingSignUpTestNG</td>
<td></td>
<td>0</td>
<td>Test1.GroupingSignUpTestNG@34e9fd99</td></tr>
<tr>
<td title='Test1.GroupingSignUpTestNG.SignUpByEmail()'><b>SignUpByEmail</b><br>Test class: Test1.GroupingSignUpTestNG</td>
<td></td>
<td>0</td>
<td>Test1.GroupingSignUpTestNG@34e9fd99</td></tr>
</table><p>
<table width='100%' border='1' class='invocation-skipped'>
<tr><td colspan='4' align='center'><b>SKIPPED TESTS</b></td></tr>
<tr><td><b>Test method</b></td>
<td><b>Attribute(s)</b></td>
<td width="30%"><b>Exception</b></td>
<td width="10%"><b>Time (seconds)</b></td>
<td><b>Instance</b></td>
</tr>
<tr>
<td title='Test1.DependencyMethodsInTestNG.adv_search()'><b>adv_search</b><br>Test class: Test1.DependencyMethodsInTestNG</td>
<td><div><pre>java.lang.Throwable: Method Test1.DependencyMethodsInTestNG.adv_search() on instance Test1.DependencyMethodsInTestNG@702657cc depends on not successfully finished methods 
[Test1.DependencyMethodsInTestNG.search() on instance Test1.DependencyMethodsInTestNG@702657cc
Test1.DependencyMethodsInTestNG.login() on instance Test1.DependencyMethodsInTestNG@702657cc]
	at java.base/java.util.ArrayList.forEach(ArrayList.java:1596)
... Removed 22 stack frames</pre></div><a href='#' onClick='toggleBox("stack-trace2068100669", this, "Click to show all stack frames", "Click to hide stack frames")'>Click to show all stack frames</a>
<div class='stack-trace' id='stack-trace2068100669'><pre>java.lang.Throwable: Method Test1.DependencyMethodsInTestNG.adv_search() on instance Test1.DependencyMethodsInTestNG@702657cc depends on not successfully finished methods 
[Test1.DependencyMethodsInTestNG.search() on instance Test1.DependencyMethodsInTestNG@702657cc
Test1.DependencyMethodsInTestNG.login() on instance Test1.DependencyMethodsInTestNG@702657cc]
	at org.testng.internal.invokers.TestInvoker.invokeTestMethods(TestInvoker.java:159)
	at org.testng.internal.invokers.TestMethodWorker.invokeTestMethods(TestMethodWorker.java:154)
	at org.testng.internal.invokers.TestMethodWorker.run(TestMethodWorker.java:134)
	at java.base/java.util.ArrayList.forEach(ArrayList.java:1596)
	at org.testng.TestRunner.privateRun(TestRunner.java:741)
	at org.testng.TestRunner.run(TestRunner.java:616)
	at org.testng.SuiteRunner.runTest(SuiteRunner.java:421)
	at org.testng.SuiteRunner.runSequentially(SuiteRunner.java:413)
	at org.testng.SuiteRunner.privateRun(SuiteRunner.java:373)
	at org.testng.SuiteRunner.run(SuiteRunner.java:312)
	at org.testng.SuiteRunnerWorker.runSuite(SuiteRunnerWorker.java:52)
	at org.testng.SuiteRunnerWorker.run(SuiteRunnerWorker.java:95)
	at org.testng.TestNG.runSuitesSequentially(TestNG.java:1274)
	at org.testng.TestNG.runSuitesLocally(TestNG.java:1208)
	at org.testng.TestNG.runSuites(TestNG.java:1112)
	at org.testng.TestNG.run(TestNG.java:1079)
	at org.apache.maven.surefire.testng.TestNGExecutor.run(TestNGExecutor.java:308)
	at org.apache.maven.surefire.testng.TestNGXmlTestSuite.execute(TestNGXmlTestSuite.java:71)
	at org.apache.maven.surefire.testng.TestNGProvider.invoke(TestNGProvider.java:113)
	at org.apache.maven.surefire.booter.ForkedBooter.runSuitesInProcess(ForkedBooter.java:385)
	at org.apache.maven.surefire.booter.ForkedBooter.execute(ForkedBooter.java:162)
	at org.apache.maven.surefire.booter.ForkedBooter.run(ForkedBooter.java:507)
	at org.apache.maven.surefire.booter.ForkedBooter.main(ForkedBooter.java:495)
</pre></div></td>
<td>0</td>
<td>Test1.DependencyMethodsInTestNG@702657cc</td></tr>
</table><p>
</body>
</html>