<?xml version="1.0" encoding="UTF-8"?>
<!-- Generated by org.testng.reporters.JUnitXMLReporter -->
<testsuite ignored="0" hostname="LAP-317" failures="1" tests="29" name="Test" time="24.875" errors="0" timestamp="2025-08-27T00:40:19 IST">
  <testcase classname="Test1.HardAssertions" name="test" time="0.007"/>
  <testcase classname="Test1.ParametrizationDataProviderandParallelTestingTestNG" name="testLogin" time="2.83"/>
  <testcase classname="Test1.GroupingPaymentsTestNG" name="paymentInRupees" time="0.001"/>
  <testcase classname="Test1.GroupingPaymentsTestNG" name="paymentInDollars" time="0.003"/>
  <testcase classname="Test1.AnnotationsBeforeAndAfterClass" name="search" time="0.002"/>
  <testcase classname="Test1.AnnotationsBeforeAndAfterClass" name="advancesearch" time="0.005"/>
  <testcase classname="Test1.OrangeHRMTestNgClass" name="openapp" time="6.585"/>
  <testcase classname="Test1.OrangeHRMTestNgClass" name="testlogo" time="3.075"/>
  <testcase classname="Test1.OrangeHRMTestNgClass" name="testlogin" time="1.43"/>
  <testcase classname="Test1.OrangeHRMTestNgClass" name="testlogout" time="0.197"/>
  <testcase classname="Test1.TestLoginTest" name="login" time="1.556"/>
  <testcase classname="Test1.AssertionsTestNG" name="testTitle" time="0.004"/>
  <testcase classname="Test1.GroupingSignUpTestNG" name="SignUpByEmail" time="0.0"/>
  <testcase classname="Test1.GroupingSignUpTestNG" name="SignUpByFacebook" time="0.001"/>
  <testcase classname="Test1.GroupingSignUpTestNG" name="SignUpByTwitter" time="0.001"/>
  <testcase classname="Test1.AnnotationBeforeAndAfterMethod" name="search" time="0.0"/>
  <testcase classname="Test1.AnnotationBeforeAndAfterMethod" name="advancesearch" time="0.002"/>
  <testcase classname="Test1.HardVsSoftAssertions" name="SoftAssertions" time="0.018"/>
  <testcase classname="Test1.DependencyMethodsInTestNG" name="openapp" time="0.004"/>
  <testcase classname="Test1.DependencyMethodsInTestNG" name="login" time="0.0"/>
  <testcase classname="Test1.DependencyMethodsInTestNG" name="search" time="0.0">
    <failure type="java.lang.AssertionError">
      <![CDATA[java.lang.AssertionError
at org.junit.Assert.fail(Assert.java:86)
at org.junit.Assert.assertTrue(Assert.java:41)
at org.junit.Assert.assertTrue(Assert.java:52)
at Test1.DependencyMethodsInTestNG.search(DependencyMethodsInTestNG.java:22)
at java.base/java.util.ArrayList.forEach(ArrayList.java:1596)
... Removed 29 stack frames]]>
    </failure>
  </testcase> <!-- search -->
  <testcase classname="Test1.DependencyMethodsInTestNG" name="adv_search" time="0.0">
    <skipped/>
  </testcase> <!-- adv_search -->
  <testcase classname="Test1.DependencyMethodsInTestNG" name="logout" time="0.0"/>
  <testcase classname="Test1.GroupingLoginTestNG" name="loginByEmail" time="0.001"/>
  <testcase classname="Test1.GroupingLoginTestNG" name="loginByFacebook" time="0.001"/>
  <testcase classname="Test1.GroupingLoginTestNG" name="loginByTwitter" time="0.0"/>
  <testcase classname="Test1.TestNGAnnotations" name="Openapp" time="0.001"/>
  <testcase classname="Test1.TestNGAnnotations" name="Login" time="0.0"/>
  <testcase classname="Test1.TestNGAnnotations" name="Logout" time="0.001"/>
</testsuite> <!-- Test -->
