<?xml version="1.0" encoding="UTF-8"?>
<testng-results ignored="0" total="29" passed="27" failed="1" skipped="1">
  <reporter-output>
  </reporter-output>
  <suite started-at="2025-08-27T00:39:55 IST" name="Suite" finished-at="2025-08-27T00:40:19 IST" duration-ms="24875">
    <groups>
      <group name="functional">
        <method signature="GroupingPaymentsTestNG.paymentInRupees()[pri:1, instance:Test1.GroupingPaymentsTestNG@206a70ef]" name="paymentInRupees" class="Test1.GroupingPaymentsTestNG"/>
        <method signature="GroupingPaymentsTestNG.paymentInDollars()[pri:2, instance:Test1.GroupingPaymentsTestNG@206a70ef]" name="paymentInDollars" class="Test1.GroupingPaymentsTestNG"/>
      </group> <!-- functional -->
      <group name="regression">
        <method signature="GroupingPaymentsTestNG.paymentInRupees()[pri:1, instance:Test1.GroupingPaymentsTestNG@206a70ef]" name="paymentInRupees" class="Test1.GroupingPaymentsTestNG"/>
        <method signature="GroupingSignUpTestNG.SignUpByEmail()[pri:1, instance:Test1.GroupingSignUpTestNG@34e9fd99]" name="SignUpByEmail" class="Test1.GroupingSignUpTestNG"/>
        <method signature="GroupingPaymentsTestNG.paymentInDollars()[pri:2, instance:Test1.GroupingPaymentsTestNG@206a70ef]" name="paymentInDollars" class="Test1.GroupingPaymentsTestNG"/>
        <method signature="GroupingSignUpTestNG.SignUpByFacebook()[pri:2, instance:Test1.GroupingSignUpTestNG@34e9fd99]" name="SignUpByFacebook" class="Test1.GroupingSignUpTestNG"/>
        <method signature="GroupingSignUpTestNG.SignUpByTwitter()[pri:3, instance:Test1.GroupingSignUpTestNG@34e9fd99]" name="SignUpByTwitter" class="Test1.GroupingSignUpTestNG"/>
      </group> <!-- regression -->
      <group name="sanity">
        <method signature="GroupingLoginTestNG.loginByEmail()[pri:1, instance:Test1.GroupingLoginTestNG@6a6cb05c]" name="loginByEmail" class="Test1.GroupingLoginTestNG"/>
        <method signature="GroupingLoginTestNG.loginByFacebook()[pri:2, instance:Test1.GroupingLoginTestNG@6a6cb05c]" name="loginByFacebook" class="Test1.GroupingLoginTestNG"/>
        <method signature="GroupingLoginTestNG.loginByTwitter()[pri:3, instance:Test1.GroupingLoginTestNG@6a6cb05c]" name="loginByTwitter" class="Test1.GroupingLoginTestNG"/>
        <method signature="GroupingPaymentsTestNG.paymentInRupees()[pri:1, instance:Test1.GroupingPaymentsTestNG@206a70ef]" name="paymentInRupees" class="Test1.GroupingPaymentsTestNG"/>
        <method signature="GroupingPaymentsTestNG.paymentInDollars()[pri:2, instance:Test1.GroupingPaymentsTestNG@206a70ef]" name="paymentInDollars" class="Test1.GroupingPaymentsTestNG"/>
      </group> <!-- sanity -->
    </groups>
    <test started-at="2025-08-27T00:39:55 IST" name="Test" finished-at="2025-08-27T00:40:19 IST" duration-ms="24875">
      <class name="Test1.HardVsSoftAssertions">
        <test-method signature="SoftAssertions()[pri:0, instance:Test1.HardVsSoftAssertions@54d9d12d]" started-at="2025-08-27T00:40:19 IST" name="SoftAssertions" finished-at="2025-08-27T00:40:19 IST" duration-ms="18" status="PASS">
          <reporter-output>
          </reporter-output>
        </test-method> <!-- SoftAssertions -->
      </class> <!-- Test1.HardVsSoftAssertions -->
      <class name="Test1.AnnotationBeforeAndAfterMethod">
        <test-method is-config="true" signature="login()[pri:0, instance:Test1.AnnotationBeforeAndAfterMethod@3c41ed1d]" started-at="2025-08-27T00:40:19 IST" name="login" finished-at="2025-08-27T00:40:19 IST" duration-ms="0" status="PASS">
          <reporter-output>
          </reporter-output>
        </test-method> <!-- login -->
        <test-method signature="search()[pri:1, instance:Test1.AnnotationBeforeAndAfterMethod@3c41ed1d]" started-at="2025-08-27T00:40:19 IST" name="search" finished-at="2025-08-27T00:40:19 IST" duration-ms="0" status="PASS">
          <reporter-output>
          </reporter-output>
        </test-method> <!-- search -->
        <test-method is-config="true" signature="logout()[pri:0, instance:Test1.AnnotationBeforeAndAfterMethod@3c41ed1d]" started-at="2025-08-27T00:40:19 IST" name="logout" finished-at="2025-08-27T00:40:19 IST" duration-ms="1" status="PASS">
          <reporter-output>
          </reporter-output>
        </test-method> <!-- logout -->
        <test-method signature="advancesearch()[pri:2, instance:Test1.AnnotationBeforeAndAfterMethod@3c41ed1d]" started-at="2025-08-27T00:40:19 IST" name="advancesearch" finished-at="2025-08-27T00:40:19 IST" duration-ms="2" status="PASS">
          <reporter-output>
          </reporter-output>
        </test-method> <!-- advancesearch -->
        <test-method is-config="true" signature="login()[pri:0, instance:Test1.AnnotationBeforeAndAfterMethod@3c41ed1d]" started-at="2025-08-27T00:40:19 IST" name="login" finished-at="2025-08-27T00:40:19 IST" duration-ms="0" status="PASS">
          <reporter-output>
          </reporter-output>
        </test-method> <!-- login -->
        <test-method is-config="true" signature="logout()[pri:0, instance:Test1.AnnotationBeforeAndAfterMethod@3c41ed1d]" started-at="2025-08-27T00:40:19 IST" name="logout" finished-at="2025-08-27T00:40:19 IST" duration-ms="1" status="PASS">
          <reporter-output>
          </reporter-output>
        </test-method> <!-- logout -->
      </class> <!-- Test1.AnnotationBeforeAndAfterMethod -->
      <class name="Test1.GroupingLoginTestNG">
        <test-method signature="loginByEmail()[pri:1, instance:Test1.GroupingLoginTestNG@6a6cb05c]" started-at="2025-08-27T00:40:19 IST" name="loginByEmail" finished-at="2025-08-27T00:40:19 IST" duration-ms="1" status="PASS">
          <reporter-output>
          </reporter-output>
        </test-method> <!-- loginByEmail -->
        <test-method signature="loginByFacebook()[pri:2, instance:Test1.GroupingLoginTestNG@6a6cb05c]" started-at="2025-08-27T00:40:19 IST" name="loginByFacebook" finished-at="2025-08-27T00:40:19 IST" duration-ms="1" status="PASS">
          <reporter-output>
          </reporter-output>
        </test-method> <!-- loginByFacebook -->
        <test-method signature="loginByTwitter()[pri:3, instance:Test1.GroupingLoginTestNG@6a6cb05c]" started-at="2025-08-27T00:40:19 IST" name="loginByTwitter" finished-at="2025-08-27T00:40:19 IST" duration-ms="0" status="PASS">
          <reporter-output>
          </reporter-output>
        </test-method> <!-- loginByTwitter -->
      </class> <!-- Test1.GroupingLoginTestNG -->
      <class name="Test1.TestNGAnnotations">
        <test-method signature="Openapp()[pri:1, instance:Test1.TestNGAnnotations@40a4337a]" started-at="2025-08-27T00:40:19 IST" name="Openapp" finished-at="2025-08-27T00:40:19 IST" duration-ms="1" status="PASS">
          <reporter-output>
          </reporter-output>
        </test-method> <!-- Openapp -->
        <test-method signature="Login()[pri:2, instance:Test1.TestNGAnnotations@40a4337a]" started-at="2025-08-27T00:40:19 IST" name="Login" finished-at="2025-08-27T00:40:19 IST" duration-ms="0" status="PASS">
          <reporter-output>
          </reporter-output>
        </test-method> <!-- Login -->
        <test-method signature="Logout()[pri:3, instance:Test1.TestNGAnnotations@40a4337a]" started-at="2025-08-27T00:40:19 IST" name="Logout" finished-at="2025-08-27T00:40:19 IST" duration-ms="1" status="PASS">
          <reporter-output>
          </reporter-output>
        </test-method> <!-- Logout -->
      </class> <!-- Test1.TestNGAnnotations -->
      <class name="Test1.AnnotationsBeforeAndAfterClass">
        <test-method is-config="true" signature="login()[pri:0, instance:Test1.AnnotationsBeforeAndAfterClass@292b08d6]" started-at="2025-08-27T00:40:02 IST" name="login" finished-at="2025-08-27T00:40:02 IST" duration-ms="1" status="PASS">
          <reporter-output>
          </reporter-output>
        </test-method> <!-- login -->
        <test-method signature="search()[pri:1, instance:Test1.AnnotationsBeforeAndAfterClass@292b08d6]" started-at="2025-08-27T00:40:02 IST" name="search" finished-at="2025-08-27T00:40:02 IST" duration-ms="2" status="PASS">
          <reporter-output>
          </reporter-output>
        </test-method> <!-- search -->
        <test-method signature="advancesearch()[pri:2, instance:Test1.AnnotationsBeforeAndAfterClass@292b08d6]" started-at="2025-08-27T00:40:02 IST" name="advancesearch" finished-at="2025-08-27T00:40:02 IST" duration-ms="5" status="PASS">
          <reporter-output>
          </reporter-output>
        </test-method> <!-- advancesearch -->
        <test-method is-config="true" signature="logout()[pri:0, instance:Test1.AnnotationsBeforeAndAfterClass@292b08d6]" started-at="2025-08-27T00:40:02 IST" name="logout" finished-at="2025-08-27T00:40:02 IST" duration-ms="3" status="PASS">
          <reporter-output>
          </reporter-output>
        </test-method> <!-- logout -->
      </class> <!-- Test1.AnnotationsBeforeAndAfterClass -->
      <class name="Test1.HardAssertions">
        <test-method signature="test()[pri:0, instance:Test1.HardAssertions@313ac989]" started-at="2025-08-27T00:39:55 IST" name="test" finished-at="2025-08-27T00:39:55 IST" duration-ms="7" status="PASS">
          <reporter-output>
          </reporter-output>
        </test-method> <!-- test -->
      </class> <!-- Test1.HardAssertions -->
      <class name="Test1.OrangeHRMTestNgClass">
        <test-method signature="openapp()[pri:1, instance:Test1.OrangeHRMTestNgClass@22555ebf]" started-at="2025-08-27T00:40:02 IST" name="openapp" finished-at="2025-08-27T00:40:08 IST" duration-ms="6585" status="PASS">
          <reporter-output>
          </reporter-output>
        </test-method> <!-- openapp -->
        <test-method signature="testlogo()[pri:2, instance:Test1.OrangeHRMTestNgClass@22555ebf]" started-at="2025-08-27T00:40:08 IST" name="testlogo" finished-at="2025-08-27T00:40:11 IST" duration-ms="3075" status="PASS">
          <reporter-output>
          </reporter-output>
        </test-method> <!-- testlogo -->
        <test-method signature="testlogin()[pri:3, instance:Test1.OrangeHRMTestNgClass@22555ebf]" started-at="2025-08-27T00:40:11 IST" name="testlogin" finished-at="2025-08-27T00:40:13 IST" duration-ms="1430" status="PASS">
          <reporter-output>
          </reporter-output>
        </test-method> <!-- testlogin -->
        <test-method signature="testlogout()[pri:4, instance:Test1.OrangeHRMTestNgClass@22555ebf]" started-at="2025-08-27T00:40:13 IST" name="testlogout" finished-at="2025-08-27T00:40:13 IST" duration-ms="197" status="PASS">
          <reporter-output>
          </reporter-output>
        </test-method> <!-- testlogout -->
      </class> <!-- Test1.OrangeHRMTestNgClass -->
      <class name="Test1.GroupingPaymentsTestNG">
        <test-method signature="paymentInRupees()[pri:1, instance:Test1.GroupingPaymentsTestNG@206a70ef]" started-at="2025-08-27T00:40:01 IST" name="paymentInRupees" finished-at="2025-08-27T00:40:01 IST" duration-ms="1" status="PASS">
          <reporter-output>
          </reporter-output>
        </test-method> <!-- paymentInRupees -->
        <test-method signature="paymentInDollars()[pri:2, instance:Test1.GroupingPaymentsTestNG@206a70ef]" started-at="2025-08-27T00:40:02 IST" name="paymentInDollars" finished-at="2025-08-27T00:40:02 IST" duration-ms="3" status="PASS">
          <reporter-output>
          </reporter-output>
        </test-method> <!-- paymentInDollars -->
      </class> <!-- Test1.GroupingPaymentsTestNG -->
      <class name="Test1.AssertionsTestNG">
        <test-method signature="testTitle()[pri:0, instance:Test1.AssertionsTestNG@45752059]" started-at="2025-08-27T00:40:19 IST" name="testTitle" finished-at="2025-08-27T00:40:19 IST" duration-ms="4" status="PASS">
          <reporter-output>
          </reporter-output>
        </test-method> <!-- testTitle -->
      </class> <!-- Test1.AssertionsTestNG -->
      <class name="Test1.ParametrizationDataProviderandParallelTestingTestNG">
        <test-method is-config="true" signature="setup()[pri:0, instance:Test1.ParametrizationDataProviderandParallelTestingTestNG@c730b35]" started-at="2025-08-27T00:39:55 IST" name="setup" finished-at="2025-08-27T00:39:59 IST" duration-ms="3979" status="PASS">
          <reporter-output>
          </reporter-output>
        </test-method> <!-- setup -->
        <test-method signature="testLogin()[pri:0, instance:Test1.ParametrizationDataProviderandParallelTestingTestNG@c730b35]" started-at="2025-08-27T00:39:59 IST" name="testLogin" finished-at="2025-08-27T00:40:01 IST" duration-ms="2830" status="PASS">
          <reporter-output>
          </reporter-output>
        </test-method> <!-- testLogin -->
        <test-method is-config="true" signature="tearDown()[pri:0, instance:Test1.ParametrizationDataProviderandParallelTestingTestNG@c730b35]" started-at="2025-08-27T00:40:01 IST" name="tearDown" finished-at="2025-08-27T00:40:01 IST" duration-ms="0" status="PASS">
          <reporter-output>
          </reporter-output>
        </test-method> <!-- tearDown -->
      </class> <!-- Test1.ParametrizationDataProviderandParallelTestingTestNG -->
      <class name="Test1.DependencyMethodsInTestNG">
        <test-method signature="openapp()[pri:1, instance:Test1.DependencyMethodsInTestNG@702657cc]" started-at="2025-08-27T00:40:19 IST" name="openapp" finished-at="2025-08-27T00:40:19 IST" duration-ms="4" status="PASS">
          <reporter-output>
          </reporter-output>
        </test-method> <!-- openapp -->
        <test-method signature="login()[pri:2, instance:Test1.DependencyMethodsInTestNG@702657cc]" started-at="2025-08-27T00:40:19 IST" name="login" finished-at="2025-08-27T00:40:19 IST" depends-on-methods="Test1.DependencyMethodsInTestNG.openapp" duration-ms="0" status="PASS">
          <reporter-output>
          </reporter-output>
        </test-method> <!-- login -->
        <test-method signature="search()[pri:3, instance:Test1.DependencyMethodsInTestNG@702657cc]" started-at="2025-08-27T00:40:19 IST" name="search" finished-at="2025-08-27T00:40:19 IST" depends-on-methods="Test1.DependencyMethodsInTestNG.login" duration-ms="0" status="FAIL">
          <exception class="java.lang.AssertionError">
            <full-stacktrace>
              <![CDATA[java.lang.AssertionError
at org.junit.Assert.fail(Assert.java:86)
at org.junit.Assert.assertTrue(Assert.java:41)
at org.junit.Assert.assertTrue(Assert.java:52)
at Test1.DependencyMethodsInTestNG.search(DependencyMethodsInTestNG.java:22)
at java.base/jdk.internal.reflect.DirectMethodHandleAccessor.invoke(DirectMethodHandleAccessor.java:103)
at java.base/java.lang.reflect.Method.invoke(Method.java:580)
at org.testng.internal.invokers.MethodInvocationHelper.invokeMethod(MethodInvocationHelper.java:141)
at org.testng.internal.invokers.TestInvoker.invokeMethod(TestInvoker.java:687)
at org.testng.internal.invokers.TestInvoker.invokeTestMethod(TestInvoker.java:230)
at org.testng.internal.invokers.MethodRunner.runInSequence(MethodRunner.java:63)
at org.testng.internal.invokers.TestInvoker$MethodInvocationAgent.invoke(TestInvoker.java:995)
at org.testng.internal.invokers.TestInvoker.invokeTestMethods(TestInvoker.java:203)
at org.testng.internal.invokers.TestMethodWorker.invokeTestMethods(TestMethodWorker.java:154)
at org.testng.internal.invokers.TestMethodWorker.run(TestMethodWorker.java:134)
at java.base/java.util.ArrayList.forEach(ArrayList.java:1596)
at org.testng.TestRunner.privateRun(TestRunner.java:741)
at org.testng.TestRunner.run(TestRunner.java:616)
at org.testng.SuiteRunner.runTest(SuiteRunner.java:421)
at org.testng.SuiteRunner.runSequentially(SuiteRunner.java:413)
at org.testng.SuiteRunner.privateRun(SuiteRunner.java:373)
at org.testng.SuiteRunner.run(SuiteRunner.java:312)
at org.testng.SuiteRunnerWorker.runSuite(SuiteRunnerWorker.java:52)
at org.testng.SuiteRunnerWorker.run(SuiteRunnerWorker.java:95)
at org.testng.TestNG.runSuitesSequentially(TestNG.java:1274)
at org.testng.TestNG.runSuitesLocally(TestNG.java:1208)
at org.testng.TestNG.runSuites(TestNG.java:1112)
at org.testng.TestNG.run(TestNG.java:1079)
at org.apache.maven.surefire.testng.TestNGExecutor.run(TestNGExecutor.java:308)
at org.apache.maven.surefire.testng.TestNGXmlTestSuite.execute(TestNGXmlTestSuite.java:71)
at org.apache.maven.surefire.testng.TestNGProvider.invoke(TestNGProvider.java:113)
at org.apache.maven.surefire.booter.ForkedBooter.runSuitesInProcess(ForkedBooter.java:385)
at org.apache.maven.surefire.booter.ForkedBooter.execute(ForkedBooter.java:162)
at org.apache.maven.surefire.booter.ForkedBooter.run(ForkedBooter.java:507)
at org.apache.maven.surefire.booter.ForkedBooter.main(ForkedBooter.java:495)
]]>
            </full-stacktrace>
          </exception> <!-- java.lang.AssertionError -->
          <reporter-output>
          </reporter-output>
        </test-method> <!-- search -->
        <test-method signature="adv_search()[pri:4, instance:Test1.DependencyMethodsInTestNG@702657cc]" started-at="2025-08-27T00:40:19 IST" name="adv_search" finished-at="2025-08-27T00:40:19 IST" depends-on-methods="Test1.DependencyMethodsInTestNG.search, Test1.DependencyMethodsInTestNG.login" duration-ms="0" status="SKIP">
          <exception class="java.lang.Throwable">
            <message>
              <![CDATA[Method Test1.DependencyMethodsInTestNG.adv_search() on instance Test1.DependencyMethodsInTestNG@702657cc depends on not successfully finished methods 
[Test1.DependencyMethodsInTestNG.search() on instance Test1.DependencyMethodsInTestNG@702657cc
Test1.DependencyMethodsInTestNG.login() on instance Test1.DependencyMethodsInTestNG@702657cc]]]>
            </message>
            <full-stacktrace>
              <![CDATA[java.lang.Throwable: Method Test1.DependencyMethodsInTestNG.adv_search() on instance Test1.DependencyMethodsInTestNG@702657cc depends on not successfully finished methods 
[Test1.DependencyMethodsInTestNG.search() on instance Test1.DependencyMethodsInTestNG@702657cc
Test1.DependencyMethodsInTestNG.login() on instance Test1.DependencyMethodsInTestNG@702657cc]
at org.testng.internal.invokers.TestInvoker.invokeTestMethods(TestInvoker.java:159)
at org.testng.internal.invokers.TestMethodWorker.invokeTestMethods(TestMethodWorker.java:154)
at org.testng.internal.invokers.TestMethodWorker.run(TestMethodWorker.java:134)
at java.base/java.util.ArrayList.forEach(ArrayList.java:1596)
at org.testng.TestRunner.privateRun(TestRunner.java:741)
at org.testng.TestRunner.run(TestRunner.java:616)
at org.testng.SuiteRunner.runTest(SuiteRunner.java:421)
at org.testng.SuiteRunner.runSequentially(SuiteRunner.java:413)
at org.testng.SuiteRunner.privateRun(SuiteRunner.java:373)
at org.testng.SuiteRunner.run(SuiteRunner.java:312)
at org.testng.SuiteRunnerWorker.runSuite(SuiteRunnerWorker.java:52)
at org.testng.SuiteRunnerWorker.run(SuiteRunnerWorker.java:95)
at org.testng.TestNG.runSuitesSequentially(TestNG.java:1274)
at org.testng.TestNG.runSuitesLocally(TestNG.java:1208)
at org.testng.TestNG.runSuites(TestNG.java:1112)
at org.testng.TestNG.run(TestNG.java:1079)
at org.apache.maven.surefire.testng.TestNGExecutor.run(TestNGExecutor.java:308)
at org.apache.maven.surefire.testng.TestNGXmlTestSuite.execute(TestNGXmlTestSuite.java:71)
at org.apache.maven.surefire.testng.TestNGProvider.invoke(TestNGProvider.java:113)
at org.apache.maven.surefire.booter.ForkedBooter.runSuitesInProcess(ForkedBooter.java:385)
at org.apache.maven.surefire.booter.ForkedBooter.execute(ForkedBooter.java:162)
at org.apache.maven.surefire.booter.ForkedBooter.run(ForkedBooter.java:507)
at org.apache.maven.surefire.booter.ForkedBooter.main(ForkedBooter.java:495)
]]>
            </full-stacktrace>
          </exception> <!-- java.lang.Throwable -->
          <reporter-output>
          </reporter-output>
        </test-method> <!-- adv_search -->
        <test-method signature="logout()[pri:5, instance:Test1.DependencyMethodsInTestNG@702657cc]" started-at="2025-08-27T00:40:19 IST" name="logout" finished-at="2025-08-27T00:40:19 IST" depends-on-methods="Test1.DependencyMethodsInTestNG.login" duration-ms="0" status="PASS">
          <reporter-output>
          </reporter-output>
        </test-method> <!-- logout -->
      </class> <!-- Test1.DependencyMethodsInTestNG -->
      <class name="Test1.GroupingSignUpTestNG">
        <test-method signature="SignUpByEmail()[pri:1, instance:Test1.GroupingSignUpTestNG@34e9fd99]" started-at="2025-08-27T00:40:19 IST" name="SignUpByEmail" finished-at="2025-08-27T00:40:19 IST" duration-ms="0" status="PASS">
          <reporter-output>
          </reporter-output>
        </test-method> <!-- SignUpByEmail -->
        <test-method signature="SignUpByFacebook()[pri:2, instance:Test1.GroupingSignUpTestNG@34e9fd99]" started-at="2025-08-27T00:40:19 IST" name="SignUpByFacebook" finished-at="2025-08-27T00:40:19 IST" duration-ms="1" status="PASS">
          <reporter-output>
          </reporter-output>
        </test-method> <!-- SignUpByFacebook -->
        <test-method signature="SignUpByTwitter()[pri:3, instance:Test1.GroupingSignUpTestNG@34e9fd99]" started-at="2025-08-27T00:40:19 IST" name="SignUpByTwitter" finished-at="2025-08-27T00:40:19 IST" duration-ms="1" status="PASS">
          <reporter-output>
          </reporter-output>
        </test-method> <!-- SignUpByTwitter -->
      </class> <!-- Test1.GroupingSignUpTestNG -->
      <class name="Test1.TestLoginTest">
        <test-method is-config="true" signature="setup()[pri:0, instance:Test1.TestLoginTest@36ebc363]" started-at="2025-08-27T00:40:13 IST" name="setup" finished-at="2025-08-27T00:40:18 IST" duration-ms="4859" status="PASS">
          <reporter-output>
          </reporter-output>
        </test-method> <!-- setup -->
        <test-method signature="login()[pri:0, instance:Test1.TestLoginTest@36ebc363]" started-at="2025-08-27T00:40:18 IST" name="login" finished-at="2025-08-27T00:40:19 IST" duration-ms="1556" status="PASS">
          <reporter-output>
          </reporter-output>
        </test-method> <!-- login -->
        <test-method is-config="true" signature="tearDown()[pri:0, instance:Test1.TestLoginTest@36ebc363]" started-at="2025-08-27T00:40:19 IST" name="tearDown" finished-at="2025-08-27T00:40:19 IST" duration-ms="143" status="PASS">
          <reporter-output>
          </reporter-output>
        </test-method> <!-- tearDown -->
      </class> <!-- Test1.TestLoginTest -->
    </test> <!-- Test -->
  </suite> <!-- Suite -->
</testng-results>
